<?xml version="1.0" encoding="UTF-8"?>
<!-- Generated by org.testng.reporters.JUnitReportReporter -->
<testsuite skipped="0" hostname="NYC-MXL43819LK" name="TestCases.User_AbleTo_Validate_SavingsLink2" tests="1" failures="0" timestamp="20 Sep 2017 14:36:29 GMT" time="6.363" errors="0">
  <testcase name="user_AbleTo_Validate_SavingsLink2" time="6.363" classname="TestCases.User_AbleTo_Validate_SavingsLink2"/>
</testsuite> <!-- TestCases.User_AbleTo_Validate_SavingsLink2 -->
