<?xml version="1.0" encoding="UTF-8"?>
<!-- Generated by org.testng.reporters.JUnitReportReporter -->
<testsuite skipped="0" hostname="DESKTOP-185HNI4" name="TestCases.User_AbleTo_Validate_SavingsLink2" tests="1" failures="0" timestamp="10 Sep 2017 15:18:07 GMT" time="10.087" errors="0">
  <testcase name="user_AbleTo_Validate_SavingsLink2" time="10.087" classname="TestCases.User_AbleTo_Validate_SavingsLink2"/>
</testsuite> <!-- TestCases.User_AbleTo_Validate_SavingsLink2 -->
