<?xml version="1.0" encoding="UTF-8"?>
<!-- Generated by org.testng.reporters.JUnitReportReporter -->
<testsuite skipped="0" hostname="DESKTOP-185HNI4" name="TestCases.User_AbleTo_Validate_CheckingLink" tests="1" failures="0" timestamp="16 Sep 2017 14:49:46 GMT" time="9.744" errors="0">
  <testcase name="user_AbleTo_Validate_CheckingLink" time="9.744" classname="TestCases.User_AbleTo_Validate_CheckingLink"/>
</testsuite> <!-- TestCases.User_AbleTo_Validate_CheckingLink -->
